<?xml version="1.0" encoding="UTF-8"?>
<!-- Generated by org.testng.reporters.JUnitReportReporter -->
<testsuite hostname="LAPTOP-77H49DA0" failures="0" tests="1" name="test.GoogleExampleTest" time="10.465" errors="0" timestamp="28 Sep 2020 15:30:57 GMT" skipped="0">
  <testcase classname="test.GoogleExampleTest" name="testcase" time="10.465"/>
</testsuite> <!-- test.GoogleExampleTest -->
