<?xml version="1.0" encoding="UTF-8"?>
<!-- Generated by org.testng.reporters.JUnitReportReporter -->
<testsuite hostname="LAPTOP-77H49DA0" failures="0" tests="1" name="test.GoogleExample" time="9.693" errors="0" timestamp="28 Sep 2020 11:24:05 GMT" skipped="0">
  <testcase classname="test.GoogleExample" name="testcase" time="9.693"/>
</testsuite> <!-- test.GoogleExample -->
